0 info it worked if it ends with ok
1 verbose cli [ 'node',
1 verbose cli   '/usr/local/bin/npm',
1 verbose cli   'install',
1 verbose cli   '-g',
1 verbose cli   'express-generator' ]
2 info using npm@1.3.11
3 info using node@v0.10.31
4 verbose node symlink /usr/local/bin/node
5 verbose cache add [ 'express-generator', null ]
6 verbose cache add name=undefined spec="express-generator" args=["express-generator",null]
7 verbose parsed url { protocol: null,
7 verbose parsed url   slashes: null,
7 verbose parsed url   auth: null,
7 verbose parsed url   host: null,
7 verbose parsed url   port: null,
7 verbose parsed url   hostname: null,
7 verbose parsed url   hash: null,
7 verbose parsed url   search: null,
7 verbose parsed url   query: null,
7 verbose parsed url   pathname: 'express-generator',
7 verbose parsed url   path: 'express-generator',
7 verbose parsed url   href: 'express-generator' }
8 silly lockFile 198a68d8-express-generator express-generator
9 verbose lock express-generator /Users/student/.npm/198a68d8-express-generator.lock
10 silly lockFile 198a68d8-express-generator express-generator
11 silly lockFile 198a68d8-express-generator express-generator
12 verbose addNamed [ 'express-generator', '' ]
13 verbose addNamed [ null, '*' ]
14 silly lockFile bd41e3d3-express-generator express-generator@
15 verbose lock express-generator@ /Users/student/.npm/bd41e3d3-express-generator.lock
16 silly addNameRange { name: 'express-generator', range: '*', hasData: false }
17 verbose url raw express-generator
18 verbose url resolving [ 'https://registry.npmjs.org/', './express-generator' ]
19 verbose url resolved https://registry.npmjs.org/express-generator
20 info trying registry request attempt 1 at 12:32:47
21 verbose etag "DC6D0QBZ1P150ODW8Y6TKATYF"
22 http GET https://registry.npmjs.org/express-generator
23 http 304 https://registry.npmjs.org/express-generator
24 silly registry.get cb [ 304,
24 silly registry.get   { date: 'Mon, 05 Oct 2015 18:32:47 GMT',
24 silly registry.get     via: '1.1 varnish',
24 silly registry.get     'cache-control': 'max-age=60',
24 silly registry.get     etag: '"DC6D0QBZ1P150ODW8Y6TKATYF"',
24 silly registry.get     age: '0',
24 silly registry.get     connection: 'keep-alive',
24 silly registry.get     'x-served-by': 'cache-sjc3128-SJC',
24 silly registry.get     'x-cache': 'HIT',
24 silly registry.get     'x-cache-hits': '1',
24 silly registry.get     'x-timer': 'S1444069967.166175,VS0,VE86',
24 silly registry.get     vary: 'Accept' } ]
25 verbose etag express-generator from cache
26 silly addNameRange number 2 { name: 'express-generator', range: '*', hasData: true }
27 silly addNameRange versions [ 'express-generator',
27 silly addNameRange   [ '1.0.0',
27 silly addNameRange     '3.0.0',
27 silly addNameRange     '4.0.0',
27 silly addNameRange     '4.2.0',
27 silly addNameRange     '4.8.0',
27 silly addNameRange     '4.9.0',
27 silly addNameRange     '4.10.0',
27 silly addNameRange     '4.11.0',
27 silly addNameRange     '4.11.1',
27 silly addNameRange     '4.11.2',
27 silly addNameRange     '4.12.0',
27 silly addNameRange     '4.12.1',
27 silly addNameRange     '4.12.4',
27 silly addNameRange     '4.13.0',
27 silly addNameRange     '4.13.1' ] ]
28 verbose addNamed [ 'express-generator', '4.13.1' ]
29 verbose addNamed [ '4.13.1', '4.13.1' ]
30 silly lockFile 9dc5f3d4-express-generator-4-13-1 express-generator@4.13.1
31 verbose lock express-generator@4.13.1 /Users/student/.npm/9dc5f3d4-express-generator-4-13-1.lock
32 silly lockFile 9dc5f3d4-express-generator-4-13-1 express-generator@4.13.1
33 silly lockFile 9dc5f3d4-express-generator-4-13-1 express-generator@4.13.1
34 silly lockFile bd41e3d3-express-generator express-generator@
35 silly lockFile bd41e3d3-express-generator express-generator@
36 silly resolved [ { name: 'express-generator',
36 silly resolved     description: 'Express\' application generator',
36 silly resolved     version: '4.13.1',
36 silly resolved     author: { name: 'TJ Holowaychuk', email: 'tj@vision-media.ca' },
36 silly resolved     contributors: [ [Object], [Object], [Object], [Object], [Object], [Object] ],
36 silly resolved     keywords:
36 silly resolved      [ 'express',
36 silly resolved        'framework',
36 silly resolved        'sinatra',
36 silly resolved        'web',
36 silly resolved        'rest',
36 silly resolved        'restful',
36 silly resolved        'router',
36 silly resolved        'app',
36 silly resolved        'api' ],
36 silly resolved     repository: { type: 'git', url: 'git://github.com/expressjs/generator' },
36 silly resolved     license: 'MIT',
36 silly resolved     dependencies: { commander: '2.7.1', mkdirp: '0.5.1', 'sorted-object': '1.0.0' },
36 silly resolved     main: 'bin/express',
36 silly resolved     preferGlobal: true,
36 silly resolved     bin: { express: './bin/express' },
36 silly resolved     devDependencies: { mocha: '2.2.5', rimraf: '~2.2.8', supertest: '1.0.1' },
36 silly resolved     engines: { node: '>= 0.10' },
36 silly resolved     files: [ 'LICENSE', 'bin/', 'templates/' ],
36 silly resolved     scripts:
36 silly resolved      { test: 'mocha --reporter spec --bail --check-leaks test/',
36 silly resolved        'test-ci': 'mocha --reporter spec --check-leaks test/' },
36 silly resolved     readme: '[![Express Logo](https://i.cloudup.com/zfY6lL7eFa-3000x3000.png)](http://expressjs.com/)\n\n[Express\'](https://www.npmjs.com/package/express) application generator.\n\n[![NPM Version][npm-image]][npm-url]\n[![NPM Downloads][downloads-image]][downloads-url]\n[![Linux Build][travis-image]][travis-url]\n[![Windows Build][appveyor-image]][appveyor-url]\n[![Gratipay][gratipay-image]][gratipay-url]\n\n## Installation\n\n```sh\n$ npm install -g express-generator\n```\n\n## Quick Start\n\nThe quickest way to get started with express is to utilize the executable `express(1)` to generate an application as shown below:\n\nCreate the app:\n\n```bash\n$ express /tmp/foo && cd /tmp/foo\n```\n\nInstall dependencies:\n\n```bash\n$ npm install\n```\n\nRock and Roll\n\n```bash\n$ npm start\n```\n\n## Command Line Options\n\nThis generator can also be further configured with the following command line flags.\n\n    -h, --help          output usage information\n    -V, --version       output the version number\n    -e, --ejs           add ejs engine support (defaults to jade)\n        --hbs           add handlebars engine support\n    -H, --hogan         add hogan.js engine support\n    -c, --css <engine>  add stylesheet <engine> support (less|stylus|compass|sass) (defaults to plain css)\n        --git           add .gitignore\n    -f, --force         force on non-empty directory\n\n## License\n\n[MIT](LICENSE)\n\n[npm-image]: https://img.shields.io/npm/v/express-generator.svg\n[npm-url]: https://npmjs.org/package/express-generator\n[travis-image]: https://img.shields.io/travis/expressjs/generator/master.svg?label=linux\n[travis-url]: https://travis-ci.org/expressjs/generator\n[appveyor-image]: https://img.shields.io/appveyor/ci/dougwilson/generator/master.svg?label=windows\n[appveyor-url]: https://ci.appveyor.com/project/dougwilson/generator\n[downloads-image]: https://img.shields.io/npm/dm/express-generator.svg\n[downloads-url]: https://npmjs.org/package/express-generator\n[gratipay-image]: https://img.shields.io/gratipay/dougwilson.svg\n[gratipay-url]: https://gratipay.com/dougwilson/\n',
36 silly resolved     readmeFilename: 'README.md',
36 silly resolved     bugs: { url: 'https://github.com/expressjs/generator/issues' },
36 silly resolved     _id: 'express-generator@4.13.1',
36 silly resolved     _from: 'express-generator@' } ]
37 info install express-generator@4.13.1 into /usr/local/lib
38 info installOne express-generator@4.13.1
39 info /usr/local/lib/node_modules/express-generator unbuild
40 info preuninstall express-generator@4.13.1
41 info uninstall express-generator@4.13.1
42 verbose true,/usr/local/lib/node_modules,/usr/local/lib/node_modules unbuild express-generator@4.13.1
43 verbose /usr/local/bin,[object Object] binRoot
44 info /usr/local/lib/node_modules/express-generator unbuild
45 info preuninstall express-generator@4.13.1
46 info uninstall express-generator@4.13.1
47 verbose true,/usr/local/lib/node_modules,/usr/local/lib/node_modules unbuild express-generator@4.13.1
48 verbose /usr/local/bin,[object Object] binRoot
49 error error rolling back Error: Refusing to delete: /usr/local/bin/express not in /usr/local/lib/node_modules/express-generator
49 error error rolling back     at clobberFail (/usr/local/lib/node_modules/npm/lib/utils/gently-rm.js:41:12)
49 error error rolling back     at next (/usr/local/lib/node_modules/npm/lib/utils/gently-rm.js:27:14)
49 error error rolling back     at /usr/local/lib/node_modules/npm/lib/utils/gently-rm.js:36:12
49 error error rolling back     at Object.oncomplete (fs.js:107:15)
49 error error rolling back  express-generator@4.13.1 { [Error: Refusing to delete: /usr/local/bin/express not in /usr/local/lib/node_modules/express-generator] code: 'EEXIST', path: '/usr/local/bin/express' }
50 error Refusing to delete: /usr/local/bin/express not in /usr/local/lib/node_modules/express-generator
File exists: /usr/local/bin/express
Move it away, and try again.
51 error System Darwin 14.5.0
52 error command "node" "/usr/local/bin/npm" "install" "-g" "express-generator"
53 error cwd /Users/student/projects/week-6/staticfileserver
54 error node -v v0.10.31
55 error npm -v 1.3.11
56 error path /usr/local/bin/express
57 error code EEXIST
58 verbose exit [ 1, true ]
